<?xml version="1.0" encoding="UTF-8"?>
<testsuite xmlns:xsi="http://www.w3.org/2001/XMLSchema-instance" xsi:noNamespaceSchemaLocation="https://maven.apache.org/surefire/maven-surefire-plugin/xsd/surefire-test-report-3.0.xsd" version="3.0" name="com.ygh.mapper.UserMapperTest" time="11.095" tests="2" errors="0" skipped="0" failures="0">
  <properties>
    <property name="java.specification.version" value="17"/>
    <property name="sun.cpu.isalist" value="amd64"/>
    <property name="sun.jnu.encoding" value="GBK"/>
    <property name="java.class.path" value="d:\code\javalearning\work4\target\test-classes;d:\code\javalearning\work4\target\classes;D:\develop\apache-maven-3.9.6-bin\apache-maven-3.9.6\mvn_repository\org\springframework\boot\spring-boot-starter-data-redis\3.2.2\spring-boot-starter-data-redis-3.2.2.jar;D:\develop\apache-maven-3.9.6-bin\apache-maven-3.9.6\mvn_repository\org\springframework\boot\spring-boot-starter\3.2.2\spring-boot-starter-3.2.2.jar;D:\develop\apache-maven-3.9.6-bin\apache-maven-3.9.6\mvn_repository\org\springframework\boot\spring-boot\3.2.2\spring-boot-3.2.2.jar;D:\develop\apache-maven-3.9.6-bin\apache-maven-3.9.6\mvn_repository\org\springframework\boot\spring-boot-starter-logging\3.2.2\spring-boot-starter-logging-3.2.2.jar;D:\develop\apache-maven-3.9.6-bin\apache-maven-3.9.6\mvn_repository\ch\qos\logback\logback-classic\1.4.14\logback-classic-1.4.14.jar;D:\develop\apache-maven-3.9.6-bin\apache-maven-3.9.6\mvn_repository\ch\qos\logback\logback-core\1.4.14\logback-core-1.4.14.jar;D:\develop\apache-maven-3.9.6-bin\apache-maven-3.9.6\mvn_repository\org\apache\logging\log4j\log4j-to-slf4j\2.21.1\log4j-to-slf4j-2.21.1.jar;D:\develop\apache-maven-3.9.6-bin\apache-maven-3.9.6\mvn_repository\org\apache\logging\log4j\log4j-api\2.21.1\log4j-api-2.21.1.jar;D:\develop\apache-maven-3.9.6-bin\apache-maven-3.9.6\mvn_repository\org\slf4j\jul-to-slf4j\2.0.11\jul-to-slf4j-2.0.11.jar;D:\develop\apache-maven-3.9.6-bin\apache-maven-3.9.6\mvn_repository\jakarta\annotation\jakarta.annotation-api\2.1.1\jakarta.annotation-api-2.1.1.jar;D:\develop\apache-maven-3.9.6-bin\apache-maven-3.9.6\mvn_repository\org\yaml\snakeyaml\2.2\snakeyaml-2.2.jar;D:\develop\apache-maven-3.9.6-bin\apache-maven-3.9.6\mvn_repository\io\lettuce\lettuce-core\6.3.1.RELEASE\lettuce-core-6.3.1.RELEASE.jar;D:\develop\apache-maven-3.9.6-bin\apache-maven-3.9.6\mvn_repository\io\netty\netty-common\4.1.105.Final\netty-common-4.1.105.Final.jar;D:\develop\apache-maven-3.9.6-bin\apache-maven-3.9.6\mvn_repository\io\netty\netty-handler\4.1.105.Final\netty-handler-4.1.105.Final.jar;D:\develop\apache-maven-3.9.6-bin\apache-maven-3.9.6\mvn_repository\io\netty\netty-resolver\4.1.105.Final\netty-resolver-4.1.105.Final.jar;D:\develop\apache-maven-3.9.6-bin\apache-maven-3.9.6\mvn_repository\io\netty\netty-buffer\4.1.105.Final\netty-buffer-4.1.105.Final.jar;D:\develop\apache-maven-3.9.6-bin\apache-maven-3.9.6\mvn_repository\io\netty\netty-transport-native-unix-common\4.1.105.Final\netty-transport-native-unix-common-4.1.105.Final.jar;D:\develop\apache-maven-3.9.6-bin\apache-maven-3.9.6\mvn_repository\io\netty\netty-codec\4.1.105.Final\netty-codec-4.1.105.Final.jar;D:\develop\apache-maven-3.9.6-bin\apache-maven-3.9.6\mvn_repository\io\netty\netty-transport\4.1.105.Final\netty-transport-4.1.105.Final.jar;D:\develop\apache-maven-3.9.6-bin\apache-maven-3.9.6\mvn_repository\io\projectreactor\reactor-core\3.6.2\reactor-core-3.6.2.jar;D:\develop\apache-maven-3.9.6-bin\apache-maven-3.9.6\mvn_repository\org\reactivestreams\reactive-streams\1.0.4\reactive-streams-1.0.4.jar;D:\develop\apache-maven-3.9.6-bin\apache-maven-3.9.6\mvn_repository\org\springframework\data\spring-data-redis\3.2.2\spring-data-redis-3.2.2.jar;D:\develop\apache-maven-3.9.6-bin\apache-maven-3.9.6\mvn_repository\org\springframework\data\spring-data-keyvalue\3.2.2\spring-data-keyvalue-3.2.2.jar;D:\develop\apache-maven-3.9.6-bin\apache-maven-3.9.6\mvn_repository\org\springframework\data\spring-data-commons\3.2.2\spring-data-commons-3.2.2.jar;D:\develop\apache-maven-3.9.6-bin\apache-maven-3.9.6\mvn_repository\org\springframework\spring-tx\6.1.3\spring-tx-6.1.3.jar;D:\develop\apache-maven-3.9.6-bin\apache-maven-3.9.6\mvn_repository\org\springframework\spring-oxm\6.1.3\spring-oxm-6.1.3.jar;D:\develop\apache-maven-3.9.6-bin\apache-maven-3.9.6\mvn_repository\org\springframework\spring-context-support\6.1.3\spring-context-support-6.1.3.jar;D:\develop\apache-maven-3.9.6-bin\apache-maven-3.9.6\mvn_repository\org\slf4j\slf4j-api\2.0.11\slf4j-api-2.0.11.jar;D:\develop\apache-maven-3.9.6-bin\apache-maven-3.9.6\mvn_repository\org\springframework\boot\spring-boot-starter-security\3.2.2\spring-boot-starter-security-3.2.2.jar;D:\develop\apache-maven-3.9.6-bin\apache-maven-3.9.6\mvn_repository\org\springframework\spring-aop\6.1.3\spring-aop-6.1.3.jar;D:\develop\apache-maven-3.9.6-bin\apache-maven-3.9.6\mvn_repository\org\springframework\spring-beans\6.1.3\spring-beans-6.1.3.jar;D:\develop\apache-maven-3.9.6-bin\apache-maven-3.9.6\mvn_repository\org\springframework\security\spring-security-config\6.2.1\spring-security-config-6.2.1.jar;D:\develop\apache-maven-3.9.6-bin\apache-maven-3.9.6\mvn_repository\org\springframework\spring-context\6.1.3\spring-context-6.1.3.jar;D:\develop\apache-maven-3.9.6-bin\apache-maven-3.9.6\mvn_repository\org\springframework\security\spring-security-web\6.2.1\spring-security-web-6.2.1.jar;D:\develop\apache-maven-3.9.6-bin\apache-maven-3.9.6\mvn_repository\org\springframework\spring-expression\6.1.3\spring-expression-6.1.3.jar;D:\develop\apache-maven-3.9.6-bin\apache-maven-3.9.6\mvn_repository\org\mybatis\spring\boot\mybatis-spring-boot-starter\3.0.3\mybatis-spring-boot-starter-3.0.3.jar;D:\develop\apache-maven-3.9.6-bin\apache-maven-3.9.6\mvn_repository\org\springframework\boot\spring-boot-starter-jdbc\3.2.2\spring-boot-starter-jdbc-3.2.2.jar;D:\develop\apache-maven-3.9.6-bin\apache-maven-3.9.6\mvn_repository\com\zaxxer\HikariCP\5.0.1\HikariCP-5.0.1.jar;D:\develop\apache-maven-3.9.6-bin\apache-maven-3.9.6\mvn_repository\org\springframework\spring-jdbc\6.1.3\spring-jdbc-6.1.3.jar;D:\develop\apache-maven-3.9.6-bin\apache-maven-3.9.6\mvn_repository\org\mybatis\spring\boot\mybatis-spring-boot-autoconfigure\3.0.3\mybatis-spring-boot-autoconfigure-3.0.3.jar;D:\develop\apache-maven-3.9.6-bin\apache-maven-3.9.6\mvn_repository\org\mybatis\mybatis\3.5.14\mybatis-3.5.14.jar;D:\develop\apache-maven-3.9.6-bin\apache-maven-3.9.6\mvn_repository\org\mybatis\mybatis-spring\3.0.3\mybatis-spring-3.0.3.jar;D:\develop\apache-maven-3.9.6-bin\apache-maven-3.9.6\mvn_repository\com\mysql\mysql-connector-j\8.3.0\mysql-connector-j-8.3.0.jar;D:\develop\apache-maven-3.9.6-bin\apache-maven-3.9.6\mvn_repository\org\projectlombok\lombok\1.18.30\lombok-1.18.30.jar;D:\develop\apache-maven-3.9.6-bin\apache-maven-3.9.6\mvn_repository\org\springframework\boot\spring-boot-starter-test\3.2.2\spring-boot-starter-test-3.2.2.jar;D:\develop\apache-maven-3.9.6-bin\apache-maven-3.9.6\mvn_repository\org\springframework\boot\spring-boot-test\3.2.2\spring-boot-test-3.2.2.jar;D:\develop\apache-maven-3.9.6-bin\apache-maven-3.9.6\mvn_repository\org\springframework\boot\spring-boot-test-autoconfigure\3.2.2\spring-boot-test-autoconfigure-3.2.2.jar;D:\develop\apache-maven-3.9.6-bin\apache-maven-3.9.6\mvn_repository\com\jayway\jsonpath\json-path\2.8.0\json-path-2.8.0.jar;D:\develop\apache-maven-3.9.6-bin\apache-maven-3.9.6\mvn_repository\jakarta\xml\bind\jakarta.xml.bind-api\4.0.1\jakarta.xml.bind-api-4.0.1.jar;D:\develop\apache-maven-3.9.6-bin\apache-maven-3.9.6\mvn_repository\jakarta\activation\jakarta.activation-api\2.1.2\jakarta.activation-api-2.1.2.jar;D:\develop\apache-maven-3.9.6-bin\apache-maven-3.9.6\mvn_repository\net\minidev\json-smart\2.5.0\json-smart-2.5.0.jar;D:\develop\apache-maven-3.9.6-bin\apache-maven-3.9.6\mvn_repository\net\minidev\accessors-smart\2.5.0\accessors-smart-2.5.0.jar;D:\develop\apache-maven-3.9.6-bin\apache-maven-3.9.6\mvn_repository\org\ow2\asm\asm\9.3\asm-9.3.jar;D:\develop\apache-maven-3.9.6-bin\apache-maven-3.9.6\mvn_repository\org\assertj\assertj-core\3.24.2\assertj-core-3.24.2.jar;D:\develop\apache-maven-3.9.6-bin\apache-maven-3.9.6\mvn_repository\net\bytebuddy\byte-buddy\1.14.11\byte-buddy-1.14.11.jar;D:\develop\apache-maven-3.9.6-bin\apache-maven-3.9.6\mvn_repository\org\awaitility\awaitility\4.2.0\awaitility-4.2.0.jar;D:\develop\apache-maven-3.9.6-bin\apache-maven-3.9.6\mvn_repository\org\hamcrest\hamcrest\2.2\hamcrest-2.2.jar;D:\develop\apache-maven-3.9.6-bin\apache-maven-3.9.6\mvn_repository\org\junit\jupiter\junit-jupiter\5.10.1\junit-jupiter-5.10.1.jar;D:\develop\apache-maven-3.9.6-bin\apache-maven-3.9.6\mvn_repository\org\junit\jupiter\junit-jupiter-api\5.10.1\junit-jupiter-api-5.10.1.jar;D:\develop\apache-maven-3.9.6-bin\apache-maven-3.9.6\mvn_repository\org\opentest4j\opentest4j\1.3.0\opentest4j-1.3.0.jar;D:\develop\apache-maven-3.9.6-bin\apache-maven-3.9.6\mvn_repository\org\junit\platform\junit-platform-commons\1.10.1\junit-platform-commons-1.10.1.jar;D:\develop\apache-maven-3.9.6-bin\apache-maven-3.9.6\mvn_repository\org\apiguardian\apiguardian-api\1.1.2\apiguardian-api-1.1.2.jar;D:\develop\apache-maven-3.9.6-bin\apache-maven-3.9.6\mvn_repository\org\junit\jupiter\junit-jupiter-params\5.10.1\junit-jupiter-params-5.10.1.jar;D:\develop\apache-maven-3.9.6-bin\apache-maven-3.9.6\mvn_repository\org\junit\jupiter\junit-jupiter-engine\5.10.1\junit-jupiter-engine-5.10.1.jar;D:\develop\apache-maven-3.9.6-bin\apache-maven-3.9.6\mvn_repository\org\junit\platform\junit-platform-engine\1.10.1\junit-platform-engine-1.10.1.jar;D:\develop\apache-maven-3.9.6-bin\apache-maven-3.9.6\mvn_repository\org\mockito\mockito-core\5.7.0\mockito-core-5.7.0.jar;D:\develop\apache-maven-3.9.6-bin\apache-maven-3.9.6\mvn_repository\net\bytebuddy\byte-buddy-agent\1.14.11\byte-buddy-agent-1.14.11.jar;D:\develop\apache-maven-3.9.6-bin\apache-maven-3.9.6\mvn_repository\org\objenesis\objenesis\3.3\objenesis-3.3.jar;D:\develop\apache-maven-3.9.6-bin\apache-maven-3.9.6\mvn_repository\org\mockito\mockito-junit-jupiter\5.7.0\mockito-junit-jupiter-5.7.0.jar;D:\develop\apache-maven-3.9.6-bin\apache-maven-3.9.6\mvn_repository\org\skyscreamer\jsonassert\1.5.1\jsonassert-1.5.1.jar;D:\develop\apache-maven-3.9.6-bin\apache-maven-3.9.6\mvn_repository\com\vaadin\external\google\android-json\0.0.20131108.vaadin1\android-json-0.0.20131108.vaadin1.jar;D:\develop\apache-maven-3.9.6-bin\apache-maven-3.9.6\mvn_repository\org\springframework\spring-core\6.1.3\spring-core-6.1.3.jar;D:\develop\apache-maven-3.9.6-bin\apache-maven-3.9.6\mvn_repository\org\springframework\spring-jcl\6.1.3\spring-jcl-6.1.3.jar;D:\develop\apache-maven-3.9.6-bin\apache-maven-3.9.6\mvn_repository\org\springframework\spring-test\6.1.3\spring-test-6.1.3.jar;D:\develop\apache-maven-3.9.6-bin\apache-maven-3.9.6\mvn_repository\org\xmlunit\xmlunit-core\2.9.1\xmlunit-core-2.9.1.jar;D:\develop\apache-maven-3.9.6-bin\apache-maven-3.9.6\mvn_repository\com\baomidou\mybatis-plus-boot-starter\3.5.5\mybatis-plus-boot-starter-3.5.5.jar;D:\develop\apache-maven-3.9.6-bin\apache-maven-3.9.6\mvn_repository\com\baomidou\mybatis-plus\3.5.5\mybatis-plus-3.5.5.jar;D:\develop\apache-maven-3.9.6-bin\apache-maven-3.9.6\mvn_repository\com\baomidou\mybatis-plus-core\3.5.5\mybatis-plus-core-3.5.5.jar;D:\develop\apache-maven-3.9.6-bin\apache-maven-3.9.6\mvn_repository\com\baomidou\mybatis-plus-annotation\3.5.5\mybatis-plus-annotation-3.5.5.jar;D:\develop\apache-maven-3.9.6-bin\apache-maven-3.9.6\mvn_repository\com\baomidou\mybatis-plus-extension\3.5.5\mybatis-plus-extension-3.5.5.jar;D:\develop\apache-maven-3.9.6-bin\apache-maven-3.9.6\mvn_repository\com\github\jsqlparser\jsqlparser\4.6\jsqlparser-4.6.jar;D:\develop\apache-maven-3.9.6-bin\apache-maven-3.9.6\mvn_repository\com\baomidou\mybatis-plus-spring-boot-autoconfigure\3.5.5\mybatis-plus-spring-boot-autoconfigure-3.5.5.jar;D:\develop\apache-maven-3.9.6-bin\apache-maven-3.9.6\mvn_repository\org\springframework\boot\spring-boot-autoconfigure\3.2.2\spring-boot-autoconfigure-3.2.2.jar;D:\develop\apache-maven-3.9.6-bin\apache-maven-3.9.6\mvn_repository\org\springframework\security\spring-security-test\6.2.1\spring-security-test-6.2.1.jar;D:\develop\apache-maven-3.9.6-bin\apache-maven-3.9.6\mvn_repository\org\springframework\security\spring-security-core\6.2.1\spring-security-core-6.2.1.jar;D:\develop\apache-maven-3.9.6-bin\apache-maven-3.9.6\mvn_repository\org\springframework\security\spring-security-crypto\6.2.1\spring-security-crypto-6.2.1.jar;D:\develop\apache-maven-3.9.6-bin\apache-maven-3.9.6\mvn_repository\io\micrometer\micrometer-observation\1.12.2\micrometer-observation-1.12.2.jar;D:\develop\apache-maven-3.9.6-bin\apache-maven-3.9.6\mvn_repository\io\micrometer\micrometer-commons\1.12.2\micrometer-commons-1.12.2.jar;D:\develop\apache-maven-3.9.6-bin\apache-maven-3.9.6\mvn_repository\org\springframework\boot\spring-boot-starter-web\3.2.2\spring-boot-starter-web-3.2.2.jar;D:\develop\apache-maven-3.9.6-bin\apache-maven-3.9.6\mvn_repository\org\springframework\boot\spring-boot-starter-json\3.2.2\spring-boot-starter-json-3.2.2.jar;D:\develop\apache-maven-3.9.6-bin\apache-maven-3.9.6\mvn_repository\com\fasterxml\jackson\datatype\jackson-datatype-jdk8\2.15.3\jackson-datatype-jdk8-2.15.3.jar;D:\develop\apache-maven-3.9.6-bin\apache-maven-3.9.6\mvn_repository\com\fasterxml\jackson\datatype\jackson-datatype-jsr310\2.15.3\jackson-datatype-jsr310-2.15.3.jar;D:\develop\apache-maven-3.9.6-bin\apache-maven-3.9.6\mvn_repository\com\fasterxml\jackson\module\jackson-module-parameter-names\2.15.3\jackson-module-parameter-names-2.15.3.jar;D:\develop\apache-maven-3.9.6-bin\apache-maven-3.9.6\mvn_repository\org\springframework\boot\spring-boot-starter-tomcat\3.2.2\spring-boot-starter-tomcat-3.2.2.jar;D:\develop\apache-maven-3.9.6-bin\apache-maven-3.9.6\mvn_repository\org\apache\tomcat\embed\tomcat-embed-core\10.1.18\tomcat-embed-core-10.1.18.jar;D:\develop\apache-maven-3.9.6-bin\apache-maven-3.9.6\mvn_repository\org\apache\tomcat\embed\tomcat-embed-el\10.1.18\tomcat-embed-el-10.1.18.jar;D:\develop\apache-maven-3.9.6-bin\apache-maven-3.9.6\mvn_repository\org\apache\tomcat\embed\tomcat-embed-websocket\10.1.18\tomcat-embed-websocket-10.1.18.jar;D:\develop\apache-maven-3.9.6-bin\apache-maven-3.9.6\mvn_repository\org\springframework\spring-web\6.1.3\spring-web-6.1.3.jar;D:\develop\apache-maven-3.9.6-bin\apache-maven-3.9.6\mvn_repository\org\springframework\spring-webmvc\6.1.3\spring-webmvc-6.1.3.jar;D:\develop\apache-maven-3.9.6-bin\apache-maven-3.9.6\mvn_repository\com\auth0\java-jwt\4.4.0\java-jwt-4.4.0.jar;D:\develop\apache-maven-3.9.6-bin\apache-maven-3.9.6\mvn_repository\com\fasterxml\jackson\core\jackson-databind\2.15.3\jackson-databind-2.15.3.jar;D:\develop\apache-maven-3.9.6-bin\apache-maven-3.9.6\mvn_repository\com\fasterxml\jackson\core\jackson-annotations\2.15.3\jackson-annotations-2.15.3.jar;D:\develop\apache-maven-3.9.6-bin\apache-maven-3.9.6\mvn_repository\com\fasterxml\jackson\core\jackson-core\2.15.3\jackson-core-2.15.3.jar;D:\develop\apache-maven-3.9.6-bin\apache-maven-3.9.6\mvn_repository\cn\hutool\hutool-all\5.8.26\hutool-all-5.8.26.jar;"/>
    <property name="java.vm.vendor" value="Oracle Corporation"/>
    <property name="sun.arch.data.model" value="64"/>
    <property name="user.variant" value=""/>
    <property name="java.vendor.url" value="https://java.oracle.com/"/>
    <property name="user.timezone" value="Asia/Shanghai"/>
    <property name="os.name" value="Windows 11"/>
    <property name="java.vm.specification.version" value="17"/>
    <property name="sun.java.launcher" value="SUN_STANDARD"/>
    <property name="user.country" value="CN"/>
    <property name="sun.boot.library.path" value="D:\develop\jdk\bin"/>
    <property name="sun.java.command" value="C:\Users\月\AppData\Local\Temp\surefire6158944405689205244\surefirebooter-20240225092944975_3.jar C:\Users\月\AppData\Local\Temp\surefire6158944405689205244 2024-02-25T09-29-44_749-jvmRun1 surefire-20240225092944975_1tmp surefire_0-20240225092944975_2tmp"/>
    <property name="jdk.debug" value="release"/>
    <property name="surefire.test.class.path" value="d:\code\javalearning\work4\target\test-classes;d:\code\javalearning\work4\target\classes;D:\develop\apache-maven-3.9.6-bin\apache-maven-3.9.6\mvn_repository\org\springframework\boot\spring-boot-starter-data-redis\3.2.2\spring-boot-starter-data-redis-3.2.2.jar;D:\develop\apache-maven-3.9.6-bin\apache-maven-3.9.6\mvn_repository\org\springframework\boot\spring-boot-starter\3.2.2\spring-boot-starter-3.2.2.jar;D:\develop\apache-maven-3.9.6-bin\apache-maven-3.9.6\mvn_repository\org\springframework\boot\spring-boot\3.2.2\spring-boot-3.2.2.jar;D:\develop\apache-maven-3.9.6-bin\apache-maven-3.9.6\mvn_repository\org\springframework\boot\spring-boot-starter-logging\3.2.2\spring-boot-starter-logging-3.2.2.jar;D:\develop\apache-maven-3.9.6-bin\apache-maven-3.9.6\mvn_repository\ch\qos\logback\logback-classic\1.4.14\logback-classic-1.4.14.jar;D:\develop\apache-maven-3.9.6-bin\apache-maven-3.9.6\mvn_repository\ch\qos\logback\logback-core\1.4.14\logback-core-1.4.14.jar;D:\develop\apache-maven-3.9.6-bin\apache-maven-3.9.6\mvn_repository\org\apache\logging\log4j\log4j-to-slf4j\2.21.1\log4j-to-slf4j-2.21.1.jar;D:\develop\apache-maven-3.9.6-bin\apache-maven-3.9.6\mvn_repository\org\apache\logging\log4j\log4j-api\2.21.1\log4j-api-2.21.1.jar;D:\develop\apache-maven-3.9.6-bin\apache-maven-3.9.6\mvn_repository\org\slf4j\jul-to-slf4j\2.0.11\jul-to-slf4j-2.0.11.jar;D:\develop\apache-maven-3.9.6-bin\apache-maven-3.9.6\mvn_repository\jakarta\annotation\jakarta.annotation-api\2.1.1\jakarta.annotation-api-2.1.1.jar;D:\develop\apache-maven-3.9.6-bin\apache-maven-3.9.6\mvn_repository\org\yaml\snakeyaml\2.2\snakeyaml-2.2.jar;D:\develop\apache-maven-3.9.6-bin\apache-maven-3.9.6\mvn_repository\io\lettuce\lettuce-core\6.3.1.RELEASE\lettuce-core-6.3.1.RELEASE.jar;D:\develop\apache-maven-3.9.6-bin\apache-maven-3.9.6\mvn_repository\io\netty\netty-common\4.1.105.Final\netty-common-4.1.105.Final.jar;D:\develop\apache-maven-3.9.6-bin\apache-maven-3.9.6\mvn_repository\io\netty\netty-handler\4.1.105.Final\netty-handler-4.1.105.Final.jar;D:\develop\apache-maven-3.9.6-bin\apache-maven-3.9.6\mvn_repository\io\netty\netty-resolver\4.1.105.Final\netty-resolver-4.1.105.Final.jar;D:\develop\apache-maven-3.9.6-bin\apache-maven-3.9.6\mvn_repository\io\netty\netty-buffer\4.1.105.Final\netty-buffer-4.1.105.Final.jar;D:\develop\apache-maven-3.9.6-bin\apache-maven-3.9.6\mvn_repository\io\netty\netty-transport-native-unix-common\4.1.105.Final\netty-transport-native-unix-common-4.1.105.Final.jar;D:\develop\apache-maven-3.9.6-bin\apache-maven-3.9.6\mvn_repository\io\netty\netty-codec\4.1.105.Final\netty-codec-4.1.105.Final.jar;D:\develop\apache-maven-3.9.6-bin\apache-maven-3.9.6\mvn_repository\io\netty\netty-transport\4.1.105.Final\netty-transport-4.1.105.Final.jar;D:\develop\apache-maven-3.9.6-bin\apache-maven-3.9.6\mvn_repository\io\projectreactor\reactor-core\3.6.2\reactor-core-3.6.2.jar;D:\develop\apache-maven-3.9.6-bin\apache-maven-3.9.6\mvn_repository\org\reactivestreams\reactive-streams\1.0.4\reactive-streams-1.0.4.jar;D:\develop\apache-maven-3.9.6-bin\apache-maven-3.9.6\mvn_repository\org\springframework\data\spring-data-redis\3.2.2\spring-data-redis-3.2.2.jar;D:\develop\apache-maven-3.9.6-bin\apache-maven-3.9.6\mvn_repository\org\springframework\data\spring-data-keyvalue\3.2.2\spring-data-keyvalue-3.2.2.jar;D:\develop\apache-maven-3.9.6-bin\apache-maven-3.9.6\mvn_repository\org\springframework\data\spring-data-commons\3.2.2\spring-data-commons-3.2.2.jar;D:\develop\apache-maven-3.9.6-bin\apache-maven-3.9.6\mvn_repository\org\springframework\spring-tx\6.1.3\spring-tx-6.1.3.jar;D:\develop\apache-maven-3.9.6-bin\apache-maven-3.9.6\mvn_repository\org\springframework\spring-oxm\6.1.3\spring-oxm-6.1.3.jar;D:\develop\apache-maven-3.9.6-bin\apache-maven-3.9.6\mvn_repository\org\springframework\spring-context-support\6.1.3\spring-context-support-6.1.3.jar;D:\develop\apache-maven-3.9.6-bin\apache-maven-3.9.6\mvn_repository\org\slf4j\slf4j-api\2.0.11\slf4j-api-2.0.11.jar;D:\develop\apache-maven-3.9.6-bin\apache-maven-3.9.6\mvn_repository\org\springframework\boot\spring-boot-starter-security\3.2.2\spring-boot-starter-security-3.2.2.jar;D:\develop\apache-maven-3.9.6-bin\apache-maven-3.9.6\mvn_repository\org\springframework\spring-aop\6.1.3\spring-aop-6.1.3.jar;D:\develop\apache-maven-3.9.6-bin\apache-maven-3.9.6\mvn_repository\org\springframework\spring-beans\6.1.3\spring-beans-6.1.3.jar;D:\develop\apache-maven-3.9.6-bin\apache-maven-3.9.6\mvn_repository\org\springframework\security\spring-security-config\6.2.1\spring-security-config-6.2.1.jar;D:\develop\apache-maven-3.9.6-bin\apache-maven-3.9.6\mvn_repository\org\springframework\spring-context\6.1.3\spring-context-6.1.3.jar;D:\develop\apache-maven-3.9.6-bin\apache-maven-3.9.6\mvn_repository\org\springframework\security\spring-security-web\6.2.1\spring-security-web-6.2.1.jar;D:\develop\apache-maven-3.9.6-bin\apache-maven-3.9.6\mvn_repository\org\springframework\spring-expression\6.1.3\spring-expression-6.1.3.jar;D:\develop\apache-maven-3.9.6-bin\apache-maven-3.9.6\mvn_repository\org\mybatis\spring\boot\mybatis-spring-boot-starter\3.0.3\mybatis-spring-boot-starter-3.0.3.jar;D:\develop\apache-maven-3.9.6-bin\apache-maven-3.9.6\mvn_repository\org\springframework\boot\spring-boot-starter-jdbc\3.2.2\spring-boot-starter-jdbc-3.2.2.jar;D:\develop\apache-maven-3.9.6-bin\apache-maven-3.9.6\mvn_repository\com\zaxxer\HikariCP\5.0.1\HikariCP-5.0.1.jar;D:\develop\apache-maven-3.9.6-bin\apache-maven-3.9.6\mvn_repository\org\springframework\spring-jdbc\6.1.3\spring-jdbc-6.1.3.jar;D:\develop\apache-maven-3.9.6-bin\apache-maven-3.9.6\mvn_repository\org\mybatis\spring\boot\mybatis-spring-boot-autoconfigure\3.0.3\mybatis-spring-boot-autoconfigure-3.0.3.jar;D:\develop\apache-maven-3.9.6-bin\apache-maven-3.9.6\mvn_repository\org\mybatis\mybatis\3.5.14\mybatis-3.5.14.jar;D:\develop\apache-maven-3.9.6-bin\apache-maven-3.9.6\mvn_repository\org\mybatis\mybatis-spring\3.0.3\mybatis-spring-3.0.3.jar;D:\develop\apache-maven-3.9.6-bin\apache-maven-3.9.6\mvn_repository\com\mysql\mysql-connector-j\8.3.0\mysql-connector-j-8.3.0.jar;D:\develop\apache-maven-3.9.6-bin\apache-maven-3.9.6\mvn_repository\org\projectlombok\lombok\1.18.30\lombok-1.18.30.jar;D:\develop\apache-maven-3.9.6-bin\apache-maven-3.9.6\mvn_repository\org\springframework\boot\spring-boot-starter-test\3.2.2\spring-boot-starter-test-3.2.2.jar;D:\develop\apache-maven-3.9.6-bin\apache-maven-3.9.6\mvn_repository\org\springframework\boot\spring-boot-test\3.2.2\spring-boot-test-3.2.2.jar;D:\develop\apache-maven-3.9.6-bin\apache-maven-3.9.6\mvn_repository\org\springframework\boot\spring-boot-test-autoconfigure\3.2.2\spring-boot-test-autoconfigure-3.2.2.jar;D:\develop\apache-maven-3.9.6-bin\apache-maven-3.9.6\mvn_repository\com\jayway\jsonpath\json-path\2.8.0\json-path-2.8.0.jar;D:\develop\apache-maven-3.9.6-bin\apache-maven-3.9.6\mvn_repository\jakarta\xml\bind\jakarta.xml.bind-api\4.0.1\jakarta.xml.bind-api-4.0.1.jar;D:\develop\apache-maven-3.9.6-bin\apache-maven-3.9.6\mvn_repository\jakarta\activation\jakarta.activation-api\2.1.2\jakarta.activation-api-2.1.2.jar;D:\develop\apache-maven-3.9.6-bin\apache-maven-3.9.6\mvn_repository\net\minidev\json-smart\2.5.0\json-smart-2.5.0.jar;D:\develop\apache-maven-3.9.6-bin\apache-maven-3.9.6\mvn_repository\net\minidev\accessors-smart\2.5.0\accessors-smart-2.5.0.jar;D:\develop\apache-maven-3.9.6-bin\apache-maven-3.9.6\mvn_repository\org\ow2\asm\asm\9.3\asm-9.3.jar;D:\develop\apache-maven-3.9.6-bin\apache-maven-3.9.6\mvn_repository\org\assertj\assertj-core\3.24.2\assertj-core-3.24.2.jar;D:\develop\apache-maven-3.9.6-bin\apache-maven-3.9.6\mvn_repository\net\bytebuddy\byte-buddy\1.14.11\byte-buddy-1.14.11.jar;D:\develop\apache-maven-3.9.6-bin\apache-maven-3.9.6\mvn_repository\org\awaitility\awaitility\4.2.0\awaitility-4.2.0.jar;D:\develop\apache-maven-3.9.6-bin\apache-maven-3.9.6\mvn_repository\org\hamcrest\hamcrest\2.2\hamcrest-2.2.jar;D:\develop\apache-maven-3.9.6-bin\apache-maven-3.9.6\mvn_repository\org\junit\jupiter\junit-jupiter\5.10.1\junit-jupiter-5.10.1.jar;D:\develop\apache-maven-3.9.6-bin\apache-maven-3.9.6\mvn_repository\org\junit\jupiter\junit-jupiter-api\5.10.1\junit-jupiter-api-5.10.1.jar;D:\develop\apache-maven-3.9.6-bin\apache-maven-3.9.6\mvn_repository\org\opentest4j\opentest4j\1.3.0\opentest4j-1.3.0.jar;D:\develop\apache-maven-3.9.6-bin\apache-maven-3.9.6\mvn_repository\org\junit\platform\junit-platform-commons\1.10.1\junit-platform-commons-1.10.1.jar;D:\develop\apache-maven-3.9.6-bin\apache-maven-3.9.6\mvn_repository\org\apiguardian\apiguardian-api\1.1.2\apiguardian-api-1.1.2.jar;D:\develop\apache-maven-3.9.6-bin\apache-maven-3.9.6\mvn_repository\org\junit\jupiter\junit-jupiter-params\5.10.1\junit-jupiter-params-5.10.1.jar;D:\develop\apache-maven-3.9.6-bin\apache-maven-3.9.6\mvn_repository\org\junit\jupiter\junit-jupiter-engine\5.10.1\junit-jupiter-engine-5.10.1.jar;D:\develop\apache-maven-3.9.6-bin\apache-maven-3.9.6\mvn_repository\org\junit\platform\junit-platform-engine\1.10.1\junit-platform-engine-1.10.1.jar;D:\develop\apache-maven-3.9.6-bin\apache-maven-3.9.6\mvn_repository\org\mockito\mockito-core\5.7.0\mockito-core-5.7.0.jar;D:\develop\apache-maven-3.9.6-bin\apache-maven-3.9.6\mvn_repository\net\bytebuddy\byte-buddy-agent\1.14.11\byte-buddy-agent-1.14.11.jar;D:\develop\apache-maven-3.9.6-bin\apache-maven-3.9.6\mvn_repository\org\objenesis\objenesis\3.3\objenesis-3.3.jar;D:\develop\apache-maven-3.9.6-bin\apache-maven-3.9.6\mvn_repository\org\mockito\mockito-junit-jupiter\5.7.0\mockito-junit-jupiter-5.7.0.jar;D:\develop\apache-maven-3.9.6-bin\apache-maven-3.9.6\mvn_repository\org\skyscreamer\jsonassert\1.5.1\jsonassert-1.5.1.jar;D:\develop\apache-maven-3.9.6-bin\apache-maven-3.9.6\mvn_repository\com\vaadin\external\google\android-json\0.0.20131108.vaadin1\android-json-0.0.20131108.vaadin1.jar;D:\develop\apache-maven-3.9.6-bin\apache-maven-3.9.6\mvn_repository\org\springframework\spring-core\6.1.3\spring-core-6.1.3.jar;D:\develop\apache-maven-3.9.6-bin\apache-maven-3.9.6\mvn_repository\org\springframework\spring-jcl\6.1.3\spring-jcl-6.1.3.jar;D:\develop\apache-maven-3.9.6-bin\apache-maven-3.9.6\mvn_repository\org\springframework\spring-test\6.1.3\spring-test-6.1.3.jar;D:\develop\apache-maven-3.9.6-bin\apache-maven-3.9.6\mvn_repository\org\xmlunit\xmlunit-core\2.9.1\xmlunit-core-2.9.1.jar;D:\develop\apache-maven-3.9.6-bin\apache-maven-3.9.6\mvn_repository\com\baomidou\mybatis-plus-boot-starter\3.5.5\mybatis-plus-boot-starter-3.5.5.jar;D:\develop\apache-maven-3.9.6-bin\apache-maven-3.9.6\mvn_repository\com\baomidou\mybatis-plus\3.5.5\mybatis-plus-3.5.5.jar;D:\develop\apache-maven-3.9.6-bin\apache-maven-3.9.6\mvn_repository\com\baomidou\mybatis-plus-core\3.5.5\mybatis-plus-core-3.5.5.jar;D:\develop\apache-maven-3.9.6-bin\apache-maven-3.9.6\mvn_repository\com\baomidou\mybatis-plus-annotation\3.5.5\mybatis-plus-annotation-3.5.5.jar;D:\develop\apache-maven-3.9.6-bin\apache-maven-3.9.6\mvn_repository\com\baomidou\mybatis-plus-extension\3.5.5\mybatis-plus-extension-3.5.5.jar;D:\develop\apache-maven-3.9.6-bin\apache-maven-3.9.6\mvn_repository\com\github\jsqlparser\jsqlparser\4.6\jsqlparser-4.6.jar;D:\develop\apache-maven-3.9.6-bin\apache-maven-3.9.6\mvn_repository\com\baomidou\mybatis-plus-spring-boot-autoconfigure\3.5.5\mybatis-plus-spring-boot-autoconfigure-3.5.5.jar;D:\develop\apache-maven-3.9.6-bin\apache-maven-3.9.6\mvn_repository\org\springframework\boot\spring-boot-autoconfigure\3.2.2\spring-boot-autoconfigure-3.2.2.jar;D:\develop\apache-maven-3.9.6-bin\apache-maven-3.9.6\mvn_repository\org\springframework\security\spring-security-test\6.2.1\spring-security-test-6.2.1.jar;D:\develop\apache-maven-3.9.6-bin\apache-maven-3.9.6\mvn_repository\org\springframework\security\spring-security-core\6.2.1\spring-security-core-6.2.1.jar;D:\develop\apache-maven-3.9.6-bin\apache-maven-3.9.6\mvn_repository\org\springframework\security\spring-security-crypto\6.2.1\spring-security-crypto-6.2.1.jar;D:\develop\apache-maven-3.9.6-bin\apache-maven-3.9.6\mvn_repository\io\micrometer\micrometer-observation\1.12.2\micrometer-observation-1.12.2.jar;D:\develop\apache-maven-3.9.6-bin\apache-maven-3.9.6\mvn_repository\io\micrometer\micrometer-commons\1.12.2\micrometer-commons-1.12.2.jar;D:\develop\apache-maven-3.9.6-bin\apache-maven-3.9.6\mvn_repository\org\springframework\boot\spring-boot-starter-web\3.2.2\spring-boot-starter-web-3.2.2.jar;D:\develop\apache-maven-3.9.6-bin\apache-maven-3.9.6\mvn_repository\org\springframework\boot\spring-boot-starter-json\3.2.2\spring-boot-starter-json-3.2.2.jar;D:\develop\apache-maven-3.9.6-bin\apache-maven-3.9.6\mvn_repository\com\fasterxml\jackson\datatype\jackson-datatype-jdk8\2.15.3\jackson-datatype-jdk8-2.15.3.jar;D:\develop\apache-maven-3.9.6-bin\apache-maven-3.9.6\mvn_repository\com\fasterxml\jackson\datatype\jackson-datatype-jsr310\2.15.3\jackson-datatype-jsr310-2.15.3.jar;D:\develop\apache-maven-3.9.6-bin\apache-maven-3.9.6\mvn_repository\com\fasterxml\jackson\module\jackson-module-parameter-names\2.15.3\jackson-module-parameter-names-2.15.3.jar;D:\develop\apache-maven-3.9.6-bin\apache-maven-3.9.6\mvn_repository\org\springframework\boot\spring-boot-starter-tomcat\3.2.2\spring-boot-starter-tomcat-3.2.2.jar;D:\develop\apache-maven-3.9.6-bin\apache-maven-3.9.6\mvn_repository\org\apache\tomcat\embed\tomcat-embed-core\10.1.18\tomcat-embed-core-10.1.18.jar;D:\develop\apache-maven-3.9.6-bin\apache-maven-3.9.6\mvn_repository\org\apache\tomcat\embed\tomcat-embed-el\10.1.18\tomcat-embed-el-10.1.18.jar;D:\develop\apache-maven-3.9.6-bin\apache-maven-3.9.6\mvn_repository\org\apache\tomcat\embed\tomcat-embed-websocket\10.1.18\tomcat-embed-websocket-10.1.18.jar;D:\develop\apache-maven-3.9.6-bin\apache-maven-3.9.6\mvn_repository\org\springframework\spring-web\6.1.3\spring-web-6.1.3.jar;D:\develop\apache-maven-3.9.6-bin\apache-maven-3.9.6\mvn_repository\org\springframework\spring-webmvc\6.1.3\spring-webmvc-6.1.3.jar;D:\develop\apache-maven-3.9.6-bin\apache-maven-3.9.6\mvn_repository\com\auth0\java-jwt\4.4.0\java-jwt-4.4.0.jar;D:\develop\apache-maven-3.9.6-bin\apache-maven-3.9.6\mvn_repository\com\fasterxml\jackson\core\jackson-databind\2.15.3\jackson-databind-2.15.3.jar;D:\develop\apache-maven-3.9.6-bin\apache-maven-3.9.6\mvn_repository\com\fasterxml\jackson\core\jackson-annotations\2.15.3\jackson-annotations-2.15.3.jar;D:\develop\apache-maven-3.9.6-bin\apache-maven-3.9.6\mvn_repository\com\fasterxml\jackson\core\jackson-core\2.15.3\jackson-core-2.15.3.jar;D:\develop\apache-maven-3.9.6-bin\apache-maven-3.9.6\mvn_repository\cn\hutool\hutool-all\5.8.26\hutool-all-5.8.26.jar;"/>
    <property name="sun.cpu.endian" value="little"/>
    <property name="user.home" value="C:\Users\月"/>
    <property name="user.language" value="zh"/>
    <property name="java.specification.vendor" value="Oracle Corporation"/>
    <property name="java.version.date" value="2023-07-18"/>
    <property name="java.home" value="D:\develop\jdk"/>
    <property name="file.separator" value="\"/>
    <property name="basedir" value="d:\code\javalearning\work4"/>
    <property name="java.vm.compressedOopsMode" value="Zero based"/>
    <property name="line.separator" value="&#10;"/>
    <property name="java.vm.specification.vendor" value="Oracle Corporation"/>
    <property name="java.specification.name" value="Java Platform API Specification"/>
    <property name="FILE_LOG_CHARSET" value="GBK"/>
    <property name="java.awt.headless" value="true"/>
    <property name="surefire.real.class.path" value="C:\Users\月\AppData\Local\Temp\surefire6158944405689205244\surefirebooter-20240225092944975_3.jar"/>
    <property name="user.script" value=""/>
    <property name="sun.management.compiler" value="HotSpot 64-Bit Tiered Compilers"/>
    <property name="java.runtime.version" value="17.0.8+9-LTS-211"/>
    <property name="user.name" value="月"/>
    <property name="path.separator" value=";"/>
    <property name="os.version" value="10.0"/>
    <property name="java.runtime.name" value="Java(TM) SE Runtime Environment"/>
    <property name="file.encoding" value="GBK"/>
    <property name="java.vm.name" value="Java HotSpot(TM) 64-Bit Server VM"/>
    <property name="localRepository" value="D:\develop\apache-maven-3.9.6-bin\apache-maven-3.9.6\mvn_repository"/>
    <property name="java.vendor.url.bug" value="https://bugreport.java.com/bugreport/"/>
    <property name="java.io.tmpdir" value="C:\Users\月\AppData\Local\Temp\"/>
    <property name="com.zaxxer.hikari.pool_number" value="1"/>
    <property name="java.version" value="17.0.8"/>
    <property name="user.dir" value="d:\code\javalearning\work4"/>
    <property name="os.arch" value="amd64"/>
    <property name="java.vm.specification.name" value="Java Virtual Machine Specification"/>
    <property name="PID" value="6032"/>
    <property name="sun.os.patch.level" value=""/>
    <property name="CONSOLE_LOG_CHARSET" value="GBK"/>
    <property name="native.encoding" value="GBK"/>
    <property name="java.library.path" value="D:\develop\jdk\bin;C:\Windows\Sun\Java\bin;C:\Windows\system32;C:\Windows;C:\Users\月\AppData\Roaming\Code\User\globalStorage\pleiades.java-extension-pack-jdk\gradle\latest\bin;D:\develop\apache-maven-3.9.6-bin\apache-maven-3.9.6\bin;D:\develop\jdk\bin;D:\虚拟机\bin\;D:\develop\c\mingw64\bin;D:\develop\jdk\bin;C:\Windows\system32;C:\Windows;C:\Windows\System32\Wbem;C:\Windows\System32\WindowsPowerShell\v1.0\;C:\Windows\System32\OpenSSH\;C:\Program Files (x86)\NVIDIA Corporation\PhysX\Common;C:\Program Files\NVIDIA Corporation\NVIDIA NvDLISR;C:\Program Files\dotnet\;D:\Git\cmd;C:\Program Files (x86)\Tencent\QQ\Bin;D:\develop\mysql\mysql-8.2.0-winx64\bin;D:\develop\New Folder\node.exe;D:\develop\apache-maven-3.9.6-bin\apache-maven-3.9.6\bin;D:\develop\jdk\bin\jre\bin;D:\develop\tomcat\apache-tomcat-10.1.18-windows-x64\apache-tomcat-10.1.18\lib;D:\develop\tomcat\apache-tomcat-10.1.18-windows-x64\apache-tomcat-10.1.18\bin;D:\develop\;C:\Users\月\AppData\Local\Microsoft\WindowsApps;D:\Microsoft VS Code\bin;D:\develop\c\mingw64\bin;C:\Users\月\AppData\Roaming\npm;."/>
    <property name="java.vm.info" value="mixed mode, sharing"/>
    <property name="java.vendor" value="Oracle Corporation"/>
    <property name="java.vm.version" value="17.0.8+9-LTS-211"/>
    <property name="sun.io.unicode.encoding" value="UnicodeLittle"/>
    <property name="java.class.version" value="61.0"/>
  </properties>
  <testcase name="update" classname="com.ygh.mapper.UserMapperTest" time="1.667">
    <system-out><![CDATA[09:29:46.479 [main] INFO org.springframework.test.context.support.AnnotationConfigContextLoaderUtils -- Could not detect default configuration classes for test class [com.ygh.mapper.UserMapperTest]: UserMapperTest does not declare any static, non-private, non-final, nested classes annotated with @Configuration.
09:29:46.647 [main] INFO org.springframework.boot.test.context.SpringBootTestContextBootstrapper -- Found @SpringBootConfiguration com.ygh.Work4Application for test class com.ygh.mapper.UserMapperTest

  .   ____          _            __ _ _
 /\\ / ___'_ __ _ _(_)_ __  __ _ \ \ \ \
( ( )\___ | '_ | '_| | '_ \/ _` | \ \ \ \
 \\/  ___)| |_)| | | | | || (_| |  ) ) ) )
  '  |____| .__|_| |_|_| |_\__, | / / / /
 =========|_|==============|___/=/_/_/_/
 :: Spring Boot ::                (v3.2.2)

2024-02-25T09:29:47.313+08:00  INFO 6032 --- [           main] com.ygh.mapper.UserMapperTest            : Starting UserMapperTest using Java 17.0.8 with PID 6032 (started by 月 in d:\code\javalearning\work4)
2024-02-25T09:29:47.316+08:00  INFO 6032 --- [           main] com.ygh.mapper.UserMapperTest            : No active profile set, falling back to 1 default profile: "default"
2024-02-25T09:29:48.821+08:00  INFO 6032 --- [           main] .s.d.r.c.RepositoryConfigurationDelegate : Multiple Spring Data modules found, entering strict repository configuration mode
2024-02-25T09:29:48.824+08:00  INFO 6032 --- [           main] .s.d.r.c.RepositoryConfigurationDelegate : Bootstrapping Spring Data Redis repositories in DEFAULT mode.
2024-02-25T09:29:48.864+08:00  INFO 6032 --- [           main] .s.d.r.c.RepositoryConfigurationDelegate : Finished Spring Data repository scanning in 14 ms. Found 0 Redis repository interfaces.
Logging initialized using 'class org.apache.ibatis.logging.stdout.StdOutImpl' adapter.
Initialization Sequence datacenterId:22 workerId:25
 _ _   |_  _ _|_. ___ _ |    _ 
| | |\/|_)(_| | |_\  |_)||_|_\ 
     /               |         
                        3.5.5 
[com.ygh.mapper.VideoMapper.deleteById] Has been loaded by XML or SqlProvider or Mybatis's Annotation, so ignoring this injection for [class com.baomidou.mybatisplus.core.injector.methods.DeleteById]
Can not find table primary key in Class: "com.ygh.domain.Like".
2024-02-25T09:29:51.029+08:00  WARN 6032 --- [           main] c.b.m.core.injector.DefaultSqlInjector   : class com.ygh.domain.Like ,Not found @TableId annotation, Cannot use Mybatis-Plus 'xxById' Method.
2024-02-25T09:29:54.326+08:00  INFO 6032 --- [           main] o.s.s.web.DefaultSecurityFilterChain     : Will secure any request with [org.springframework.security.web.session.DisableEncodeUrlFilter@6be50b35, org.springframework.security.web.context.request.async.WebAsyncManagerIntegrationFilter@ce2eaa7, org.springframework.security.web.context.SecurityContextHolderFilter@3ba97962, org.springframework.security.web.header.HeaderWriterFilter@2beee3e8, org.springframework.web.filter.CorsFilter@2166c48a, org.springframework.security.web.authentication.logout.LogoutFilter@246df37b, com.ygh.filter.TokenCheckFilter@304744a1, org.springframework.security.web.authentication.UsernamePasswordAuthenticationFilter@7f030c72, org.springframework.security.web.authentication.ui.DefaultLoginPageGeneratingFilter@f3876ef, org.springframework.security.web.authentication.ui.DefaultLogoutPageGeneratingFilter@73385d3f, org.springframework.security.web.savedrequest.RequestCacheAwareFilter@3bcc8f13, org.springframework.security.web.servletapi.SecurityContextHolderAwareRequestFilter@3cb04dd, org.springframework.security.web.authentication.AnonymousAuthenticationFilter@6814262d, org.springframework.security.web.session.SessionManagementFilter@58bad46f, org.springframework.security.web.access.ExceptionTranslationFilter@35b3c1f6, org.springframework.security.web.access.intercept.AuthorizationFilter@131c0b6f]
2024-02-25T09:29:55.563+08:00  INFO 6032 --- [           main] com.ygh.mapper.UserMapperTest            : Started UserMapperTest in 8.691 seconds (process running for 10.409)
Creating a new SqlSession
SqlSession [org.apache.ibatis.session.defaults.DefaultSqlSession@2ec23ec3] was not registered for synchronization because synchronization is not active
2024-02-25T09:29:57.096+08:00  INFO 6032 --- [           main] com.zaxxer.hikari.HikariDataSource       : HikariPool-1 - Starting...
2024-02-25T09:29:57.241+08:00  INFO 6032 --- [           main] com.zaxxer.hikari.pool.HikariPool        : HikariPool-1 - Added connection com.mysql.cj.jdbc.ConnectionImpl@47f416d0
2024-02-25T09:29:57.242+08:00  INFO 6032 --- [           main] com.zaxxer.hikari.HikariDataSource       : HikariPool-1 - Start completed.
JDBC Connection [HikariProxyConnection@1529627129 wrapping com.mysql.cj.jdbc.ConnectionImpl@47f416d0] will not be managed by Spring
==>  Preparing: UPDATE user SET username=?, password=?, updated_at=?, version=? WHERE deleted=0 AND (username = ? AND version = ?)
==> Parameters: ygh(String), $2a$10$2wGz60CGsKRrcycdJAuo5ee9pZK8.RvvY/C37TtXDMxJyQbiHeZNa(String), 2024-02-25 09:29:57.091(Timestamp), 4(Integer), ygh(String), 3(Integer)
<==    Updates: 0
Closing non transactional SqlSession [org.apache.ibatis.session.defaults.DefaultSqlSession@2ec23ec3]
]]></system-out>
  </testcase>
  <testcase name="getByUsername" classname="com.ygh.mapper.UserMapperTest" time="0.065">
    <system-out><![CDATA[Creating a new SqlSession
SqlSession [org.apache.ibatis.session.defaults.DefaultSqlSession@642d971f] was not registered for synchronization because synchronization is not active
JDBC Connection [HikariProxyConnection@754817802 wrapping com.mysql.cj.jdbc.ConnectionImpl@47f416d0] will not be managed by Spring
==>  Preparing: SELECT id,username,password,avatar_url,created_at,updated_at,deleted_at,deleted,version FROM user WHERE deleted=0 AND (username = ?)
==> Parameters: ygh(String)
<==    Columns: id, username, password, avatar_url, created_at, updated_at, deleted_at, deleted, version
<==        Row: 1759584380590616578, ygh, $2a$10$8J.koWdismarVHdChls3EOkHTCSKRQCWJLmlYF938HfqFrexXTRUG, D:\code\javalearning\work4\avatars\1759584380590616578.png, 2024-02-19 22:23:02, 2024-02-20 16:29:00, 2024-02-23 10:58:53, 0, 4
<==      Total: 1
Closing non transactional SqlSession [org.apache.ibatis.session.defaults.DefaultSqlSession@642d971f]
User(id=1759584380590616578, username=ygh, password=$2a$10$8J.koWdismarVHdChls3EOkHTCSKRQCWJLmlYF938HfqFrexXTRUG, avatarUrl=D:\code\javalearning\work4\avatars\1759584380590616578.png, createdAt=Mon Feb 19 22:23:02 CST 2024, updatedAt=Tue Feb 20 16:29:00 CST 2024, deletedAt=Fri Feb 23 10:58:53 CST 2024, deleted=0, version=4)
]]></system-out>
  </testcase>
</testsuite>